<?xml version="1.0" encoding="UTF-8"?>
<testsuite name="com.group.libraryapp.calculrator.CalculatorTest" tests="1" skipped="0" failures="0" errors="0" timestamp="2022-08-15T08:12:27" hostname="gimbyeonghuiui-MacBookPro.local" time="0.058">
  <properties/>
  <testcase name="dividExceptionTest()" classname="com.group.libraryapp.calculrator.CalculatorTest" time="0.058"/>
  <system-out><![CDATA[]]></system-out>
  <system-err><![CDATA[]]></system-err>
</testsuite>
